2019-08-08 13:59:17,452 INFO o.a.j.u.JMeterUtils: Setting Locale to en_US
2019-08-08 13:59:17,478 INFO o.a.j.JMeter: Loading user properties from: C:\Java\Jenkins\workspace\revo-pm-perf-demo\tools\apache-jmeter-3.3\bin\user.properties
2019-08-08 13:59:17,478 INFO o.a.j.JMeter: Loading system properties from: C:\Java\Jenkins\workspace\revo-pm-perf-demo\tools\apache-jmeter-3.3\bin\system.properties
2019-08-08 13:59:17,480 INFO o.a.j.JMeter: Setting JMeter property: threads=2
2019-08-08 13:59:17,481 INFO o.a.j.JMeter: Setting JMeter property: rampup=20
2019-08-08 13:59:17,481 INFO o.a.j.JMeter: Setting JMeter property: duration=60
2019-08-08 13:59:17,482 INFO o.a.j.JMeter: Setting JMeter property: timer=200
2019-08-08 13:59:17,482 INFO o.a.j.JMeter: Setting JMeter property: host=192.168.45.173
2019-08-08 13:59:17,483 INFO o.a.j.JMeter: Setting JMeter property: port=8443
2019-08-08 13:59:17,483 INFO o.a.j.JMeter: Setting JMeter property: protocol=https
2019-08-08 13:59:17,489 INFO o.a.j.JMeter: Copyright (c) 1998-2017 The Apache Software Foundation
2019-08-08 13:59:17,489 INFO o.a.j.JMeter: Version 3.3 r1808647
2019-08-08 13:59:17,490 INFO o.a.j.JMeter: java.version=1.8.0_221
2019-08-08 13:59:17,490 INFO o.a.j.JMeter: java.vm.name=Java HotSpot(TM) 64-Bit Server VM
2019-08-08 13:59:17,490 INFO o.a.j.JMeter: os.name=Windows 10
2019-08-08 13:59:17,490 INFO o.a.j.JMeter: os.arch=amd64
2019-08-08 13:59:17,490 INFO o.a.j.JMeter: os.version=10.0
2019-08-08 13:59:17,490 INFO o.a.j.JMeter: file.encoding=Cp1252
2019-08-08 13:59:17,490 INFO o.a.j.JMeter: Max memory     =536870912
2019-08-08 13:59:17,491 INFO o.a.j.JMeter: Available Processors =2
2019-08-08 13:59:17,495 INFO o.a.j.JMeter: Default Locale=English (United States)
2019-08-08 13:59:17,496 INFO o.a.j.JMeter: JMeter  Locale=English (United States)
2019-08-08 13:59:17,496 INFO o.a.j.JMeter: JMeterHome=C:\Java\Jenkins\workspace\revo-pm-perf-demo\tools\apache-jmeter-3.3
2019-08-08 13:59:17,496 INFO o.a.j.JMeter: user.dir  =C:\Java\Jenkins\workspace\revo-pm-perf-demo
2019-08-08 13:59:17,496 INFO o.a.j.JMeter: PWD       =C:\Java\Jenkins\workspace\revo-pm-perf-demo
2019-08-08 13:59:17,499 INFO o.a.j.JMeter: IP: 192.168.45.173 Name: PMOV-Win10 FullName: PMOV-Win10.kms.com.vn
2019-08-08 13:59:17,501 INFO o.a.j.JMeter: Setting property 'jmeter.reportgenerator.outputdir' to:'C:\Java\Jenkins\workspace\revo-pm-perf-demo\htmlreport'
2019-08-08 13:59:17,504 INFO o.a.j.s.FileServer: Default base='C:\Java\Jenkins\workspace\revo-pm-perf-demo'
2019-08-08 13:59:17,504 INFO o.a.j.s.FileServer: Set new base='C:\Java\Jenkins\workspace\revo-pm-perf-demo'
2019-08-08 13:59:17,720 INFO o.a.j.s.SaveService: Testplan (JMX) version: 2.2. Testlog (JTL) version: 2.2
2019-08-08 13:59:17,750 INFO o.a.j.s.SaveService: Using SaveService properties file encoding UTF-8
2019-08-08 13:59:17,757 INFO o.a.j.s.SaveService: Using SaveService properties version 3.2
2019-08-08 13:59:17,769 INFO o.a.j.s.SaveService: Loading file: DemoSample.jmx
2019-08-08 13:59:18,005 INFO o.a.j.p.h.s.HTTPSamplerBase: Parser for text/html is org.apache.jmeter.protocol.http.parser.LagartoBasedHtmlParser
2019-08-08 13:59:18,006 INFO o.a.j.p.h.s.HTTPSamplerBase: Parser for application/xhtml+xml is org.apache.jmeter.protocol.http.parser.LagartoBasedHtmlParser
2019-08-08 13:59:18,006 INFO o.a.j.p.h.s.HTTPSamplerBase: Parser for application/xml is org.apache.jmeter.protocol.http.parser.LagartoBasedHtmlParser
2019-08-08 13:59:18,006 INFO o.a.j.p.h.s.HTTPSamplerBase: Parser for text/xml is org.apache.jmeter.protocol.http.parser.LagartoBasedHtmlParser
2019-08-08 13:59:18,006 INFO o.a.j.p.h.s.HTTPSamplerBase: Parser for text/vnd.wap.wml is org.apache.jmeter.protocol.http.parser.RegexpHTMLParser
2019-08-08 13:59:18,007 INFO o.a.j.p.h.s.HTTPSamplerBase: Parser for text/css is org.apache.jmeter.protocol.http.parser.CssParser
2019-08-08 13:59:18,070 INFO o.a.j.p.h.c.CookieManager: Settings: Delete null: true Check: true Allow variable: true Save: false Prefix: COOKIE_
2019-08-08 13:59:18,170 INFO o.a.j.JMeter: Creating summariser <summary>
2019-08-08 13:59:18,184 INFO o.a.j.r.d.ReportGenerator: ReportGenerator will use for Parsing the separator: ','
2019-08-08 13:59:18,184 INFO o.a.j.r.d.ReportGenerator: Will generate report at end of test from  results file: C:\Java\Jenkins\workspace\revo-pm-perf-demo\report\20190808_135915.threads.2.rampup.20.duration.60.timer.200.DemoSample.xml
2019-08-08 13:59:18,185 INFO o.a.j.r.d.ReportGenerator: Reading report generator properties from: C:\Java\Jenkins\workspace\revo-pm-perf-demo\tools\apache-jmeter-3.3\bin\reportgenerator.properties
2019-08-08 13:59:18,188 INFO o.a.j.r.d.ReportGenerator: Merging with JMeter properties
2019-08-08 13:59:18,198 INFO o.a.j.r.c.ReportGeneratorConfiguration: Property 'jmeter.reportgenerator.temp_dir' not found, using default value 'temp' instead.
2019-08-08 13:59:18,204 INFO o.a.j.r.c.ReportGeneratorConfiguration: Property 'jmeter.reportgenerator.apdex_per_transaction' not found, using default value 'null' instead.
2019-08-08 13:59:18,204 INFO o.a.j.r.c.ReportGeneratorConfiguration: apdex_per_transaction : {} is empty, not APDEX per transaction customization
2019-08-08 13:59:18,204 INFO o.a.j.r.c.ReportGeneratorConfiguration: Property 'jmeter.reportgenerator.sample_filter' not found, using default value 'null' instead.
2019-08-08 13:59:18,205 INFO o.a.j.r.c.ReportGeneratorConfiguration: Property 'jmeter.reportgenerator.report_title' not found, using default value 'null' instead.
2019-08-08 13:59:18,205 INFO o.a.j.r.c.ReportGeneratorConfiguration: Property 'jmeter.reportgenerator.start_date' not found, using default value 'null' instead.
2019-08-08 13:59:18,206 INFO o.a.j.r.c.ReportGeneratorConfiguration: Property 'jmeter.reportgenerator.end_date' not found, using default value 'null' instead.
2019-08-08 13:59:18,208 INFO o.a.j.r.c.ReportGeneratorConfiguration: Property 'jmeter.reportgenerator.date_format' not found, using default value 'null' instead.
2019-08-08 13:59:18,209 INFO o.a.j.r.c.ReportGeneratorConfiguration: Will use date range start date: null, end date: null
2019-08-08 13:59:18,221 INFO o.a.j.r.c.ReportGeneratorConfiguration: Property 'jmeter.reportgenerator.graph.activeThreadsOverTime.exclude_controllers' not found, using default value 'false' instead.
2019-08-08 13:59:18,223 INFO o.a.j.r.c.ReportGeneratorConfiguration: Property 'jmeter.reportgenerator.graph.timeVsThreads.exclude_controllers' not found, using default value 'false' instead.
2019-08-08 13:59:18,223 INFO o.a.j.r.c.ReportGeneratorConfiguration: Property 'jmeter.reportgenerator.graph.responseTimeDistribution.exclude_controllers' not found, using default value 'false' instead.
2019-08-08 13:59:18,223 INFO o.a.j.r.c.ReportGeneratorConfiguration: Property 'jmeter.reportgenerator.graph.transactionsPerSecond.exclude_controllers' not found, using default value 'false' instead.
2019-08-08 13:59:18,229 INFO o.a.j.r.c.ReportGeneratorConfiguration: Property 'jmeter.reportgenerator.graph.responseTimePercentiles.exclude_controllers' not found, using default value 'false' instead.
2019-08-08 13:59:18,229 INFO o.a.j.r.c.ReportGeneratorConfiguration: Property 'jmeter.reportgenerator.graph.responseTimePercentilesOverTime.exclude_controllers' not found, using default value 'false' instead.
2019-08-08 13:59:18,230 INFO o.a.j.r.c.ReportGeneratorConfiguration: Property 'jmeter.reportgenerator.graph.responseTimesOverTime.exclude_controllers' not found, using default value 'false' instead.
2019-08-08 13:59:18,231 INFO o.a.j.r.c.ReportGeneratorConfiguration: Property 'jmeter.reportgenerator.graph.connectTimeOverTime.exclude_controllers' not found, using default value 'false' instead.
2019-08-08 13:59:18,232 INFO o.a.j.r.c.ReportGeneratorConfiguration: Property 'jmeter.reportgenerator.graph.latenciesOverTime.exclude_controllers' not found, using default value 'false' instead.
2019-08-08 13:59:18,234 INFO o.a.j.r.c.ReportGeneratorConfiguration: Property 'jmeter.reportgenerator.exporter.html.filters_only_sample_series' not found, using default value 'true' instead.
2019-08-08 13:59:18,234 INFO o.a.j.r.c.ReportGeneratorConfiguration: Property 'jmeter.reportgenerator.exporter.html.series_filter' not found, using default value '' instead.
2019-08-08 13:59:18,234 INFO o.a.j.r.c.ReportGeneratorConfiguration: Property 'jmeter.reportgenerator.exporter.html.show_controllers_only' not found, using default value 'false' instead.
2019-08-08 13:59:18,243 INFO o.a.j.e.StandardJMeterEngine: Running the test!
2019-08-08 13:59:18,244 INFO o.a.j.s.SampleEvent: List of sample_variables: []
2019-08-08 13:59:18,244 INFO o.a.j.s.SampleEvent: List of sample_variables: []
2019-08-08 13:59:18,251 INFO o.a.j.e.u.CompoundVariable: Note: Function class names must contain the string: '.functions.'
2019-08-08 13:59:18,251 INFO o.a.j.e.u.CompoundVariable: Note: Function class names must not contain the string: '.gui.'
2019-08-08 13:59:19,892 INFO o.a.j.JMeter: Running test (1565247559892)
2019-08-08 13:59:20,154 INFO o.a.j.e.StandardJMeterEngine: Starting ThreadGroup: 1 : Metabase-login-get-db-info
2019-08-08 13:59:20,154 INFO o.a.j.e.StandardJMeterEngine: Starting 1 threads for group Metabase-login-get-db-info.
2019-08-08 13:59:20,154 INFO o.a.j.e.StandardJMeterEngine: Thread will continue on error
2019-08-08 13:59:20,154 INFO o.a.j.t.ThreadGroup: Starting thread group... number=1 threads=1 ramp-up=1 perThread=1000.0 delayedStart=false
2019-08-08 13:59:20,180 INFO o.a.j.t.ThreadGroup: Started thread group number 1
2019-08-08 13:59:20,180 INFO o.a.j.e.StandardJMeterEngine: Waiting for thread group: Metabase-login-get-db-info to finish before starting next group
2019-08-08 13:59:20,224 INFO o.a.j.t.JMeterThread: Thread started: Metabase-login-get-db-info 1-1
2019-08-08 13:59:20,227 INFO o.a.j.s.FileServer: Stored: data\city.csv
2019-08-08 13:59:20,228 INFO o.a.j.s.FileServer: Stored: data\account.csv
2019-08-08 13:59:20,260 INFO o.a.j.p.h.s.HTTPHCAbstractImpl: Local host = PMOV-Win10
2019-08-08 13:59:20,267 INFO o.a.j.p.h.s.HTTPHC4Impl: HTTP request retry count = 0
2019-08-08 13:59:20,281 INFO o.a.j.s.SampleResult: Note: Sample TimeStamps are START times
2019-08-08 13:59:20,281 INFO o.a.j.s.SampleResult: sampleresult.default.encoding is set to ISO-8859-1
2019-08-08 13:59:20,281 INFO o.a.j.s.SampleResult: sampleresult.useNanoTime=true
2019-08-08 13:59:20,282 INFO o.a.j.s.SampleResult: sampleresult.nanoThreadSleep=5000
2019-08-08 13:59:20,387 INFO o.a.j.p.h.s.LazySchemeSocketFactory: Setting up HTTPS TrustAll Socket Factory
2019-08-08 13:59:20,397 INFO o.a.j.u.JsseSSLManager: Using default SSL protocol: TLS
2019-08-08 13:59:20,397 INFO o.a.j.u.JsseSSLManager: SSL session context: per-thread
2019-08-08 13:59:21,044 INFO o.a.j.u.SSLManager: JmeterKeyStore Location:  type JKS
2019-08-08 13:59:21,045 INFO o.a.j.u.SSLManager: KeyStore created OK
2019-08-08 13:59:21,046 WARN o.a.j.u.SSLManager: Keystore file not found, loading empty keystore
2019-08-08 13:59:26,204 INFO o.a.j.t.JMeterThread: Thread is done: Metabase-login-get-db-info 1-1
2019-08-08 13:59:26,204 INFO o.a.j.t.JMeterThread: Thread finished: Metabase-login-get-db-info 1-1
2019-08-08 13:59:26,205 INFO o.a.j.e.StandardJMeterEngine: Starting ThreadGroup: 2 : Metabase-query-load-test
2019-08-08 13:59:26,206 INFO o.a.j.e.StandardJMeterEngine: Starting 2 threads for group Metabase-query-load-test.
2019-08-08 13:59:26,206 INFO o.a.j.e.StandardJMeterEngine: Thread will continue on error
2019-08-08 13:59:26,206 INFO o.a.j.t.ThreadGroup: Starting thread group... number=2 threads=2 ramp-up=20 perThread=10000.0 delayedStart=false
2019-08-08 13:59:26,211 INFO o.a.j.t.ThreadGroup: Started thread group number 2
2019-08-08 13:59:26,212 INFO o.a.j.e.StandardJMeterEngine: All thread groups have been started
2019-08-08 13:59:26,218 INFO o.a.j.t.JMeterThread: Thread started: Metabase-query-load-test 2-1
2019-08-08 13:59:36,217 INFO o.a.j.t.JMeterThread: Thread started: Metabase-query-load-test 2-2
2019-08-08 14:00:03,344 INFO o.a.j.r.Summariser: summary +      5 in 00:00:43 =    0.1/s Avg:  7694 Min:    69 Max: 36896 Err:     0 (0.00%) Active: 2 Started: 3 Finished: 1
2019-08-08 14:00:41,368 INFO o.a.j.t.JMeterThread: Stopping because end time detected by thread: Metabase-query-load-test 2-1
2019-08-08 14:00:41,368 INFO o.a.j.t.JMeterThread: Thread finished: Metabase-query-load-test 2-1
2019-08-08 14:00:41,376 INFO o.a.j.t.JMeterThread: Stopping because end time detected by thread: Metabase-query-load-test 2-2
2019-08-08 14:00:41,378 INFO o.a.j.t.JMeterThread: Thread finished: Metabase-query-load-test 2-2
2019-08-08 14:00:41,380 INFO o.a.j.e.StandardJMeterEngine: Notifying test listeners of end of test
2019-08-08 14:00:41,380 INFO o.a.j.s.FileServer: Close: data\city.csv
2019-08-08 14:00:41,381 INFO o.a.j.s.FileServer: Close: data\account.csv
2019-08-08 14:00:41,388 INFO o.a.j.r.Summariser: summary +      3 in 00:00:38 =    0.1/s Avg: 34080 Min: 26871 Max: 37803 Err:     0 (0.00%) Active: 0 Started: 3 Finished: 3
2019-08-08 14:00:41,389 INFO o.a.j.r.Summariser: summary =      8 in 00:01:21 =    0.1/s Avg: 17589 Min:    69 Max: 37803 Err:     0 (0.00%)
2019-08-08 14:00:41,392 INFO o.a.j.JMeter: Generating Dashboard
2019-08-08 14:00:41,392 INFO o.a.j.r.d.ReportGenerator: Flushing result collector before report Generation
2019-08-08 14:00:41,412 INFO o.a.j.r.p.NormalizerSampleConsumer: Using format, 'ms', to parse timeStamp field
2019-08-08 14:00:41,707 INFO o.a.j.r.p.AbstractSampleConsumer: class org.apache.jmeter.report.processor.AggregateConsumer#stopProducing(): beginDate produced 0 samples
2019-08-08 14:00:41,707 INFO o.a.j.r.p.AbstractSampleConsumer: class org.apache.jmeter.report.processor.AggregateConsumer#stopProducing(): endDate produced 0 samples
2019-08-08 14:00:41,709 INFO o.a.j.r.p.AbstractSampleConsumer: class org.apache.jmeter.report.processor.ApdexSummaryConsumer#stopProducing(): apdexSummary produced 0 samples
2019-08-08 14:00:41,709 INFO o.a.j.r.p.AbstractSampleConsumer: class org.apache.jmeter.report.processor.RequestsSummaryConsumer#stopProducing(): requestsSummary produced 0 samples
2019-08-08 14:00:41,725 INFO o.a.j.r.p.AbstractSampleConsumer: class org.apache.jmeter.report.processor.StatisticsSummaryConsumer#stopProducing(): statisticsSummary produced 0 samples
2019-08-08 14:00:41,726 INFO o.a.j.r.p.AbstractSampleConsumer: class org.apache.jmeter.report.processor.Top5ErrorsBySamplerConsumer#stopProducing(): top5ErrorsBySampler produced 0 samples
2019-08-08 14:00:41,727 INFO o.a.j.r.p.AbstractSampleConsumer: class org.apache.jmeter.report.processor.ErrorsSummaryConsumer#stopProducing(): errorsSummary produced 0 samples
2019-08-08 14:00:41,727 INFO o.a.j.r.p.AbstractSampleConsumer: class org.apache.jmeter.report.processor.graph.impl.HitsPerSecondGraphConsumer#stopProducing(): hitsPerSecond produced 0 samples
2019-08-08 14:00:41,742 INFO o.a.j.r.p.AbstractSampleConsumer: class org.apache.jmeter.report.processor.graph.impl.LatencyVSRequestGraphConsumer#stopProducing(): latencyVsRequest produced 0 samples
2019-08-08 14:00:41,743 INFO o.a.j.r.p.AbstractSampleConsumer: class org.apache.jmeter.report.processor.graph.impl.SyntheticResponseTimeDistributionGraphConsumer#stopProducing(): syntheticResponseTimeDistribution produced 0 samples
2019-08-08 14:00:41,743 INFO o.a.j.r.p.AbstractSampleConsumer: class org.apache.jmeter.report.processor.graph.impl.BytesThroughputGraphConsumer#stopProducing(): bytesThroughputOverTime produced 0 samples
2019-08-08 14:00:41,744 INFO o.a.j.r.p.AbstractSampleConsumer: class org.apache.jmeter.report.processor.graph.impl.CodesPerSecondGraphConsumer#stopProducing(): codesPerSecond produced 0 samples
2019-08-08 14:00:41,759 INFO o.a.j.r.p.AbstractSampleConsumer: class org.apache.jmeter.report.processor.graph.impl.ResponseTimeVSRequestGraphConsumer#stopProducing(): responseTimeVsRequest produced 0 samples
2019-08-08 14:00:41,760 INFO o.a.j.r.p.AbstractSampleConsumer: class org.apache.jmeter.report.processor.FilterConsumer#stopProducing(): startIntervalControlerFilter produced 56 samples
2019-08-08 14:00:41,760 INFO o.a.j.r.p.AbstractSampleConsumer: class org.apache.jmeter.report.processor.graph.impl.ActiveThreadsGraphConsumer#stopProducing(): activeThreadsOverTime produced 0 samples
2019-08-08 14:00:41,760 INFO o.a.j.r.p.AbstractSampleConsumer: class org.apache.jmeter.report.processor.graph.impl.TimeVSThreadGraphConsumer#stopProducing(): timeVsThreads produced 0 samples
2019-08-08 14:00:41,761 INFO o.a.j.r.p.AbstractSampleConsumer: class org.apache.jmeter.report.processor.graph.impl.ResponseTimeDistributionGraphConsumer#stopProducing(): responseTimeDistribution produced 0 samples
2019-08-08 14:00:41,761 INFO o.a.j.r.p.AbstractSampleConsumer: class org.apache.jmeter.report.processor.graph.impl.TransactionsPerSecondGraphConsumer#stopProducing(): transactionsPerSecond produced 0 samples
2019-08-08 14:00:41,762 INFO o.a.j.r.p.AbstractSampleConsumer: class org.apache.jmeter.report.processor.graph.impl.ResponseTimePercentilesGraphConsumer#stopProducing(): responseTimePercentiles produced 0 samples
2019-08-08 14:00:41,767 INFO o.a.j.r.p.AbstractSampleConsumer: class org.apache.jmeter.report.processor.graph.impl.ResponseTimePercentilesOverTimeGraphConsumer#stopProducing(): responseTimePercentilesOverTime produced 0 samples
2019-08-08 14:00:41,768 INFO o.a.j.r.p.AbstractSampleConsumer: class org.apache.jmeter.report.processor.graph.impl.ResponseTimeOverTimeGraphConsumer#stopProducing(): responseTimesOverTime produced 0 samples
2019-08-08 14:00:41,768 INFO o.a.j.r.p.AbstractSampleConsumer: class org.apache.jmeter.report.processor.graph.impl.ConnectTimeOverTimeGraphConsumer#stopProducing(): connectTimeOverTime produced 0 samples
2019-08-08 14:00:41,768 INFO o.a.j.r.p.AbstractSampleConsumer: class org.apache.jmeter.report.processor.graph.impl.LatencyOverTimeGraphConsumer#stopProducing(): latenciesOverTime produced 0 samples
2019-08-08 14:00:41,768 INFO o.a.j.r.p.AbstractSampleConsumer: class org.apache.jmeter.report.processor.FilterConsumer#stopProducing(): nameFilter produced 112 samples
2019-08-08 14:00:41,768 INFO o.a.j.r.p.AbstractSampleConsumer: class org.apache.jmeter.report.processor.FilterConsumer#stopProducing(): dateRangeFilter produced 24 samples
2019-08-08 14:00:41,768 INFO o.a.j.r.p.AbstractSampleConsumer: class org.apache.jmeter.report.processor.NormalizerSampleConsumer#stopProducing(): normalizer produced 8 samples
2019-08-08 14:00:41,769 INFO o.a.j.r.p.CsvFileSampleSource: produce(): 8 samples produced in 242ms on channel 0
2019-08-08 14:00:41,769 INFO o.a.j.r.d.ReportGenerator: Exporting data using exporter:'html' of className:'org.apache.jmeter.report.dashboard.HtmlTemplateExporter'
2019-08-08 14:00:41,773 INFO o.a.j.r.d.HtmlTemplateExporter: Will generate dashboard in folder: C:\Java\Jenkins\workspace\revo-pm-perf-demo\htmlreport
2019-08-08 14:00:41,911 INFO o.a.j.r.d.HtmlTemplateExporter: Report will be generated in: C:\Java\Jenkins\workspace\revo-pm-perf-demo\htmlreport, creating folder structure
2019-08-08 14:00:50,130 INFO o.a.j.JMeter: Dashboard generated
